<?xml version="1.0" encoding="UTF-8" ?>
<testsuite failures="1" time="2.427" errors="0" skipped="3" tests="4" name="com.pahlsoft.logfarm.test.jpa.JpaTest">
  <properties>
[...]
</properties>
  <testcase time="2.427" classname="com.pahlsoft.logfarm.test.jpa.JpaTest" name="init">
    <failure message="localized message key: access-duplicate; substitutions: [private com.pahlsoft.logfarm.enums.RetentionTypes com.pahlsoft.logfarm.entity.ConfEntity.defaultRetentionDays, public com.pahlsoft.logfarm.enums.RetentionTypes com.pahlsoft.logfarm.entity.ConfEntity.getDefaultRetentionDays()]" type="&lt;openjpa-2.2.2-r422266">&lt;openjpa-2.2.2-r422266:1468616 nonfatal user error&gt; org.apache.openjpa.persistence.ArgumentException: localized message key: access-duplicate; substitutions: [private com.pahlsoft.logfarm.enums.RetentionTypes com.pahlsoft.logfarm.entity.ConfEntity.defaultRetentionDays, public com.pahlsoft.logfarm.enums.RetentionTypes com.pahlsoft.logfarm.entity.ConfEntity.getDefaultRetentionDays()]
	at org.apache.openjpa.meta.AbstractMetaDataDefaults.populateFromPCRegistry(AbstractMetaDataDefaults.java:200)
	at org.apache.openjpa.meta.AbstractMetaDataDefaults.populate(AbstractMetaDataDefaults.java:165)
	at org.apache.openjpa.persistence.PersistenceMetaDataDefaults.populate(PersistenceMetaDataDefaults.java:279)
	at org.apache.openjpa.meta.MetaDataRepository.addMetaData(MetaDataRepository.java:920)
	at org.apache.openjpa.meta.MetaDataRepository.addMetaData(MetaDataRepository.java:905)
	at org.apache.openjpa.persistence.AnnotationPersistenceMetaDataParser.getMetaData(AnnotationPersistenceMetaDataParser.java:752)
	at org.apache.openjpa.persistence.AnnotationPersistenceMetaDataParser.parseClassAnnotations(AnnotationPersistenceMetaDataParser.java:545)
	at org.apache.openjpa.persistence.AnnotationPersistenceMetaDataParser.parse(AnnotationPersistenceMetaDataParser.java:415)
	at org.apache.openjpa.persistence.PersistenceMetaDataFactory.load(PersistenceMetaDataFactory.java:260)
	at org.apache.openjpa.meta.MetaDataRepository.getMetaDataInternal(MetaDataRepository.java:586)
	at org.apache.openjpa.meta.MetaDataRepository.getMetaDataInternal(MetaDataRepository.java:396)
	at org.apache.openjpa.meta.MetaDataRepository.getMetaData(MetaDataRepository.java:388)
	at org.apache.openjpa.jdbc.meta.MappingRepository.getMapping(MappingRepository.java:354)
	at org.apache.openjpa.jdbc.meta.MappingTool.getMapping(MappingTool.java:682)
	at org.apache.openjpa.jdbc.meta.MappingTool.buildSchema(MappingTool.java:754)
	at org.apache.openjpa.jdbc.meta.MappingTool.run(MappingTool.java:652)
	at org.apache.openjpa.jdbc.kernel.JDBCBrokerFactory.synchronizeMappings(JDBCBrokerFactory.java:154)
	at org.apache.openjpa.jdbc.kernel.JDBCBrokerFactory.synchronizeMappings(JDBCBrokerFactory.java:164)
	at org.apache.openjpa.jdbc.kernel.JDBCBrokerFactory.newBrokerImpl(JDBCBrokerFactory.java:122)
	at org.apache.openjpa.kernel.AbstractBrokerFactory.newBroker(AbstractBrokerFactory.java:209)
	at org.apache.openjpa.kernel.DelegatingBrokerFactory.newBroker(DelegatingBrokerFactory.java:156)
	at org.apache.openjpa.persistence.EntityManagerFactoryImpl.createEntityManager(EntityManagerFactoryImpl.java:227)
	at org.apache.openjpa.persistence.EntityManagerFactoryImpl.createEntityManager(EntityManagerFactoryImpl.java:154)
	at org.apache.openjpa.persistence.EntityManagerFactoryImpl.createEntityManager(EntityManagerFactoryImpl.java:60)
	at com.pahlsoft.logfarm.test.jpa.JpaTest.init(JpaTest.java:25)
Caused by: java.lang.IllegalStateException: localized message key: access-duplicate; substitutions: [private com.pahlsoft.logfarm.enums.RetentionTypes com.pahlsoft.logfarm.entity.ConfEntity.defaultRetentionDays, public com.pahlsoft.logfarm.enums.RetentionTypes com.pahlsoft.logfarm.entity.ConfEntity.getDefaultRetentionDays()]
	at org.apache.openjpa.persistence.PersistenceMetaDataDefaults.getMemberByProperty(PersistenceMetaDataDefaults.java:692)
	at org.apache.openjpa.meta.AbstractMetaDataDefaults.populateFromPCRegistry(AbstractMetaDataDefaults.java:186)
	... 58 more
</failure>
    <system-out>Configuring TestNG with: org.apache.maven.surefire.testng.conf.TestNGMapConfigurator@670a59d2
Initializing Tests...
</system-out>
  </testcase>
  <testcase time="0" classname="com.pahlsoft.logfarm.test.jpa.JpaTest" name="insertConfigurationItem">
    <skipped/>
  </testcase>
  <testcase time="0" classname="com.pahlsoft.logfarm.test.jpa.JpaTest" name="selectConfigurationItem">
    <skipped/>
  </testcase>
  <testcase time="0" classname="com.pahlsoft.logfarm.test.jpa.JpaTest" name="deleteConfigurationItem">
    <skipped/>
  </testcase>
</testsuite>